99.09.05 21:26 B C:\dist\src\shopkeeper.tar.gz --> stormbringer.sysconn.com /home/rafermnd/dist/src shopkeeper.tar.gz
99.09.05 22:01 B C:\dist\src\shopkeep.zip --> stormbringer.sysconn.com /home/rafermnd/5001/dist/src shopkeep.zip
99.09.06 00:23 A C:\dist\src\mud.h --> stormbringer.sysconn.com /home/rafermnd/5001/dist/src mud.h
99.09.06 00:24 A C:\dist\src\shops.c --> stormbringer.sysconn.com /home/rafermnd/5001/dist/src shops.c
99.09.06 00:24 A C:\dist\src\tables.c --> stormbringer.sysconn.com /home/rafermnd/5001/dist/src tables.c
99.09.06 13:15 A C:\dist\src\mud.h --> stormbringer.sysconn.com /home/rafermnd/5001/dist/src mud.h
99.09.06 13:15 A C:\dist\src\shops.c --> stormbringer.sysconn.com /home/rafermnd/5001/dist/src shops.c
99.09.06 13:15 A C:\dist\src\tables.c --> stormbringer.sysconn.com /home/rafermnd/5001/dist/src tables.c
99.09.06 14:39 A C:\dist\src\act_comm.c --> stormbringer.sysconn.com /home/rafermnd/5001/dist/src act_comm.c
99.09.06 14:39 A C:\dist\src\comm.c --> stormbringer.sysconn.com /home/rafermnd/5001/dist/src comm.c
99.09.06 14:39 A C:\dist\src\mud.h --> stormbringer.sysconn.com /home/rafermnd/5001/dist/src mud.h
99.09.11 22:49 A C:\dist\src\act_comm.c --> stormbringer.sysconn.com /home/rafermnd/5001/dist/src act_comm.c
99.09.11 22:50 A C:\dist\src\comm.c --> stormbringer.sysconn.com /home/rafermnd/5001/dist/src comm.c
99.09.11 22:50 A C:\dist\src\mud.h --> stormbringer.sysconn.com /home/rafermnd/5001/dist/src mud.h
99.09.11 22:59 A C:\dist\src\Makefile <-- Rafermand/port2 /home/rafermnd/5001/dist/src Makefile
99.09.11 23:01 A C:\dist\src\Makefile --> stormbringer.sysconn.com /home/rafermnd/5001/dist/src Makefile
99.09.12 11:09 A C:\dist\src\act_comm.c <-- Rafermand/port2 /home/rafermnd/5001/dist/src act_comm.c
99.09.12 11:09 A C:\dist\src\comm.c <-- Rafermand/port2 /home/rafermnd/5001/dist/src comm.c
99.09.12 11:09 A C:\dist\src\mud.h <-- Rafermand/port2 /home/rafermnd/5001/dist/src mud.h
99.09.12 11:30 A C:\dist\src\act_comm.c <-- Rafermand/port2 /home/rafermnd/5001/dist/src act_comm.c
99.09.12 11:31 A C:\dist\src\comm.c <-- Rafermand/port2 /home/rafermnd/5001/dist/src comm.c
99.09.12 11:31 A C:\dist\src\mud.h <-- Rafermand/port2 /home/rafermnd/5001/dist/src mud.h
